
   PASS  Tests\Unit\ExampleTest
  ✓ that true is true

   PASS  Tests\Feature\AdminCurrentWorksUpdateTest
  ✓ admin can view current works update modal on dashboard                                                       0.52s  

   PASS  Tests\Feature\AiCorrectionTest
  ✓ unauthenticated user cannot correct text                                                                     0.04s  
  ✓ can correct user input grammar and typos                                                                     0.05s  
  ✓ handles exact predefined mappings                                                                            0.04s  

   PASS  Tests\Feature\Auth\AuthenticationTest
  ✓ login screen can be rendered                                                                                 0.03s  
  ✓ users can authenticate using the login screen                                                                0.07s  
  ✓ users can not authenticate with invalid password                                                             0.26s  
  ✓ users can logout                                                                                             0.04s  

   PASS  Tests\Feature\Auth\EmailVerificationTest
  ✓ email verification screen can be rendered                                                                    0.04s  
  ✓ email can be verified                                                                                        0.04s  
  ✓ email is not verified with invalid hash                                                                      0.04s  

   PASS  Tests\Feature\Auth\PasswordConfirmationTest
  ✓ confirm password screen can be rendered                                                                      0.03s  
  ✓ password can be confirmed                                                                                    0.03s  
  ✓ password is not confirmed with invalid password                                                              0.23s  

   PASS  Tests\Feature\Auth\PasswordResetTest
  ✓ reset password link screen can be rendered                                                                   0.05s  
  ✓ reset password link can be requested                                                                         0.24s  
  ✓ reset password screen can be rendered                                                                        0.26s  
  ✓ password can be reset with valid token                                                                       0.27s  

   PASS  Tests\Feature\Auth\PasswordUpdateTest
  ✓ password can be updated                                                                                      0.04s  
  ✓ correct password must be provided to update password                                                         0.03s  

   PASS  Tests\Feature\Auth\RegistrationTest
  ✓ registration screen can be rendered                                                                          0.04s  
  ✓ new users can register                                                                                       0.03s  

   PASS  Tests\Feature\BugUploadTest
  ✓ user can create bug with annotated screenshots                                                               0.08s  

   PASS  Tests\Feature\ChatWorkspaceTest
  ✓ guest cannot access chat workspace                                                                           0.05s  
  ✓ super admin can see all tasks in chat list                                                                   0.07s  
  ✓ employee only sees assigned tasks in chat list                                                               0.06s  
  ✓ employee can fetch chat history for assigned task                                                            0.06s  
  ✓ employee cannot fetch chat history for unassigned task                                                       0.05s  
  ✓ fetching chat history marks unread comments as viewed                                                        0.06s  

   PASS  Tests\Feature\CommentInfoTest
  ✓ viewing task records comment views and shows them in modal payload                                           0.08s  
  ✓ comment with base64 image data is stored successfully                                                        0.05s  

   PASS  Tests\Feature\CommentMentionTest
  ✓ comment mention sends notification                                                                           0.05s  

   PASS  Tests\Feature\DailyReportTodaySessionsTest
  ✓ daily reports page displays today work sessions                                                              0.07s  

   PASS  Tests\Feature\EmployeePasswordUpdateTest
  ✓ admin can update employee password                                                                           0.07s  
  ✓ employee password remains unchanged if left blank                                                            0.06s  

   PASS  Tests\Feature\ExampleTest
  ✓ the application returns a successful response                                                                0.03s  

   PASS  Tests\Feature\LeadRoomImportTest
  ✓ admin can manage rooms and assign telecallers                                                                0.04s  
  ✓ telecaller cannot manage rooms                                                                               0.04s  
  ✓ telecaller room scoping isolation                                                                            0.07s  
  ✓ excel template download                                                                                      0.09s  
  ✓ excel import flow preview and submission                                                                     0.10s  

   PASS  Tests\Feature\MailboxTest
  ✓ guest cannot access mailbox                                                                                  0.05s  
  ✓ user can access mailbox index                                                                                0.04s  
  ✓ user can send mail                                                                                           0.07s  
  ✓ guest cannot access official endpoints                                                                       0.05s  
  ✓ official index when disabled returns error                                                                   0.04s  
  ✓ user can save personal mailbox settings                                                                      0.04s  
  ✓ employee cannot access other user mailbox                                                                    0.04s  
  ✓ admin can access other user mailbox                                                                          0.04s  
  ✓ hr can access other user mailbox                                                                             0.04s  

   PASS  Tests\Feature\MeetingModuleTest
  ✓ user can access meetings index                                                                               0.07s  
  ✓ user can view create meeting form with default location                                                      0.07s  
  ✓ user can create meeting                                                                                      0.07s  
  ✓ user can create task linked to meeting                                                                       0.09s  

   PASS  Tests\Feature\ProfileTest
  ✓ profile page is displayed                                                                                    0.05s  
  ✓ profile information can be updated                                                                           0.03s  
  ✓ email verification status is unchanged when the email address is unchanged                                   0.03s  
  ✓ user can delete their account                                                                                0.03s  
  ✓ correct password must be provided to delete account                                                          0.03s  

   PASS  Tests\Feature\TaskApprovalWorkflowTest
  ✓ developer cannot directly complete task via status update                                                    0.07s  
  ✓ developer can submit task completion details                                                                 0.06s  
  ✓ admin and souban can access completed approvals                                                              0.07s  
  ✓ admin can approve completion and close task                                                                  0.06s  
  ✓ souban can reject completion sending back to pending                                                         0.06s  
  ✓ changing status creates chat comment                                                                         0.07s  
  ✓ submitting completion creates chat comment                                                                   0.06s  
  ✓ approving completion creates chat comment                                                                    0.07s  

   PASS  Tests\Feature\TaskDeletionTest
  ✓ super admin can delete task                                                                                  0.06s  
  ✓ regular admin cannot delete task                                                                             0.04s  
  ✓ employee cannot delete task                                                                                  0.04s  

   PASS  Tests\Feature\TaskNotificationTest
  ✓ creating task generates notification for assignee                                                            0.05s  
  ✓ updating task assignee generates notification                                                                0.04s  

   PASS  Tests\Feature\TaskProjectAssociationTest
  ✓ can create task with project                                                                                 0.04s  
  ✓ can create task without project                                                                              0.05s  
  ✓ can update task project association                                                                          0.05s  

   PASS  Tests\Feature\TaskUploadTest
  ✓ can create task with image attachment                                                                        0.07s  
  ✓ can create task with pdf attachment                                                                          0.06s  
  ✓ can add attachment when updating task                                                                        0.05s  
  ✓ upload file route uses user id column                                                                        0.05s  

   PASS  Tests\Feature\TaskViewButtonsTest
  ✓ task view shows start work and complete buttons when idle                                                    0.09s  
  ✓ can start work timer from task view                                                                          0.09s  
  ✓ task view shows end work button when timer running                                                           0.09s  
  ✓ can end work timer from task view                                                                            0.07s  
  ✓ can complete task from task view                                                                             0.05s  
  ✓ reactivates ended work session when starting task                                                            0.05s  

   PASS  Tests\Feature\TelecallerWorkflowTest
  ✓ telecaller dashboard loads with correct metrics                                                              0.06s  
  ✓ telecaller only sees assigned leads in index                                                                 0.05s  
  ✓ telecaller cannot view unassigned lead                                                                       0.04s  
  ✓ telecaller can log call activity                                                                             0.04s  
  ✓ telecaller cannot log call on unassigned lead                                                                0.04s  
  ✓ telecaller can log follow up                                                                                 0.05s  
  ✓ telecaller can book appointment and sends notifications                                                      0.04s  
  ✓ telecaller can update customer requirements                                                                  0.05s  
  ✓ telecaller performance report access control                                                                 0.06s  

   PASS  Tests\Feature\UserEmailsTest
  ✓ admin can view user emails page                                                                              0.04s  
  ✓ admin can add secondary email                                                                                0.03s  
  ✓ cannot add invalid email                                                                                     0.03s  
  ✓ cannot add duplicate email                                                                                   0.03s  
  ✓ admin can delete secondary email                                                                             0.03s  

   PASS  Tests\Feature\WorkTimerTest
  ✓ employee can start work day                                                                                  0.07s  
  ✓ employee can end work day                                                                                    0.05s  
  ✓ employee cannot end work day without work done                                                               0.06s  
  ✓ employee can view active timers on work timer page                                                           0.06s  

  Tests:    104 passed (325 assertions)
  Duration: 7.36s

